{"level":"info","message":"✅ 資料庫連線成功","service":"bookwise-api","timestamp":"2025-07-12 01:06:36"}
{"level":"info","message":"✅ 資料庫表格初始化完成","service":"bookwise-api","timestamp":"2025-07-12 01:06:36"}
{"level":"info","message":"✅ 資料庫連線成功","service":"bookwise-api","timestamp":"2025-07-12 01:12:37"}
{"environment":"development","level":"info","message":"伺服器啟動成功","port":"5000","service":"bookwise-api","timestamp":"2025-07-12 01:12:37"}
{"level":"info","message":"✅ 資料庫連線成功","service":"bookwise-api","timestamp":"2025-07-12 01:15:05"}
{"environment":"development","level":"info","message":"伺服器啟動成功","port":"5000","service":"bookwise-api","timestamp":"2025-07-12 01:15:05"}
{"email":"test@example.com","level":"info","message":"新使用者註冊成功","service":"bookwise-api","timestamp":"2025-07-12 01:18:10","userId":1,"username":"testuser"}
{"email":"test@example.com","ip":"::1","level":"info","message":"新使用者註冊成功","service":"bookwise-api","timestamp":"2025-07-12 01:18:10","userAgent":"Mozilla/5.0 (Windows NT; Windows NT 10.0; zh-TW) WindowsPowerShell/5.1.26100.4652","userId":1,"username":"testuser"}
{"level":"info","message":"使用者登入成功","service":"bookwise-api","timestamp":"2025-07-12 01:18:38","userId":1,"username":"testuser"}
{"ip":"::1","level":"info","message":"使用者登入成功","service":"bookwise-api","timestamp":"2025-07-12 01:18:38","userAgent":"Mozilla/5.0 (Windows NT; Windows NT 10.0; zh-TW) WindowsPowerShell/5.1.26100.4652","userId":1,"username":"testuser"}
{"level":"info","message":"✅ 資料庫連線成功","service":"bookwise-api","timestamp":"2025-07-12 01:23:14"}
{"environment":"development","level":"info","message":"伺服器啟動成功","port":"5000","service":"bookwise-api","timestamp":"2025-07-12 01:23:14"}
{"level":"info","message":"✅ 資料庫連線成功","service":"bookwise-api","timestamp":"2025-07-12 01:23:16"}
{"environment":"development","level":"info","message":"伺服器啟動成功","port":"5000","service":"bookwise-api","timestamp":"2025-07-12 01:23:16"}
{"level":"info","message":"✅ 資料庫連線成功","service":"bookwise-api","timestamp":"2025-07-12 01:24:07"}
{"environment":"development","level":"info","message":"伺服器啟動成功","port":"5000","service":"bookwise-api","timestamp":"2025-07-12 01:24:07"}
{"level":"info","message":"✅ 資料庫連線成功","service":"bookwise-api","timestamp":"2025-07-12 01:24:09"}
{"environment":"development","level":"info","message":"伺服器啟動成功","port":"5000","service":"bookwise-api","timestamp":"2025-07-12 01:24:09"}
{"level":"info","message":"✅ 資料庫連線成功","service":"bookwise-api","timestamp":"2025-07-12 01:24:49"}
{"environment":"development","level":"info","message":"伺服器啟動成功","port":"5000","service":"bookwise-api","timestamp":"2025-07-12 01:24:49"}
{"level":"info","message":"✅ 資料庫連線成功","service":"bookwise-api","timestamp":"2025-07-12 01:24:52"}
{"environment":"development","level":"info","message":"伺服器啟動成功","port":"5000","service":"bookwise-api","timestamp":"2025-07-12 01:24:52"}
{"level":"info","message":"✅ 資料庫連線成功","service":"bookwise-api","timestamp":"2025-07-12 01:25:42"}
{"environment":"development","level":"info","message":"伺服器啟動成功","port":"5000","service":"bookwise-api","timestamp":"2025-07-12 01:25:42"}
{"level":"info","message":"✅ 資料庫連線成功","service":"bookwise-api","timestamp":"2025-07-12 01:25:44"}
{"environment":"development","level":"info","message":"伺服器啟動成功","port":"5000","service":"bookwise-api","timestamp":"2025-07-12 01:25:44"}
{"level":"info","message":"✅ 資料庫連線成功","service":"bookwise-api","timestamp":"2025-07-12 01:25:59"}
{"environment":"development","level":"info","message":"伺服器啟動成功","port":"5000","service":"bookwise-api","timestamp":"2025-07-12 01:25:59"}
{"level":"info","message":"✅ 資料庫連線成功","service":"bookwise-api","timestamp":"2025-07-12 01:26:01"}
{"environment":"development","level":"info","message":"伺服器啟動成功","port":"5000","service":"bookwise-api","timestamp":"2025-07-12 01:26:01"}
{"level":"info","message":"✅ 資料庫連線成功","service":"bookwise-api","timestamp":"2025-07-12 01:26:18"}
{"environment":"development","level":"info","message":"伺服器啟動成功","port":"5000","service":"bookwise-api","timestamp":"2025-07-12 01:26:18"}
{"level":"info","message":"✅ 資料庫連線成功","service":"bookwise-api","timestamp":"2025-07-12 01:26:20"}
{"environment":"development","level":"info","message":"伺服器啟動成功","port":"5000","service":"bookwise-api","timestamp":"2025-07-12 01:26:20"}
{"level":"info","message":"✅ 資料庫連線成功","service":"bookwise-api","timestamp":"2025-07-12 01:26:29"}
{"environment":"development","level":"info","message":"伺服器啟動成功","port":"5000","service":"bookwise-api","timestamp":"2025-07-12 01:26:29"}
{"level":"info","message":"✅ 資料庫連線成功","service":"bookwise-api","timestamp":"2025-07-12 01:26:36"}
{"environment":"development","level":"info","message":"伺服器啟動成功","port":"5000","service":"bookwise-api","timestamp":"2025-07-12 01:26:36"}
{"level":"info","message":"✅ 資料庫連線成功","service":"bookwise-api","timestamp":"2025-07-12 01:26:48"}
{"environment":"development","level":"info","message":"伺服器啟動成功","port":"5000","service":"bookwise-api","timestamp":"2025-07-12 01:26:48"}
{"level":"info","message":"✅ 資料庫連線成功","service":"bookwise-api","timestamp":"2025-07-12 01:26:57"}
{"environment":"development","level":"info","message":"伺服器啟動成功","port":"5000","service":"bookwise-api","timestamp":"2025-07-12 01:26:57"}
{"level":"info","message":"✅ 資料庫連線成功","service":"bookwise-api","timestamp":"2025-07-12 01:27:09"}
{"environment":"development","level":"info","message":"伺服器啟動成功","port":"5000","service":"bookwise-api","timestamp":"2025-07-12 01:27:09"}
{"level":"info","message":"✅ 資料庫連線成功","service":"bookwise-api","timestamp":"2025-07-12 01:32:30"}
{"environment":"development","level":"info","message":"伺服器啟動成功","port":"5000","service":"bookwise-api","timestamp":"2025-07-12 01:32:30"}
{"level":"info","message":"✅ 資料庫連線成功","service":"bookwise-api","timestamp":"2025-07-12 01:44:55"}
{"environment":"development","level":"info","message":"伺服器啟動成功","port":"5000","service":"bookwise-api","timestamp":"2025-07-12 01:44:55"}
{"email":"test2@example.com","level":"info","message":"新使用者註冊成功","service":"bookwise-api","timestamp":"2025-07-12 01:46:08","userId":2,"username":"testuser2"}
{"categoryId":1,"color":"#28a745","level":"info","message":"新分類建立成功","name":"薪資","service":"bookwise-api","timestamp":"2025-07-12 01:46:08","type":"income","userId":2}
{"categoryId":2,"color":"#17a2b8","level":"info","message":"新分類建立成功","name":"投資收益","service":"bookwise-api","timestamp":"2025-07-12 01:46:08","type":"income","userId":2}
{"categoryId":3,"color":"#6c757d","level":"info","message":"新分類建立成功","name":"其他收入","service":"bookwise-api","timestamp":"2025-07-12 01:46:08","type":"income","userId":2}
{"categoryId":4,"color":"#fd7e14","level":"info","message":"新分類建立成功","name":"餐飲","service":"bookwise-api","timestamp":"2025-07-12 01:46:08","type":"expense","userId":2}
{"categoryId":5,"color":"#6f42c1","level":"info","message":"新分類建立成功","name":"交通","service":"bookwise-api","timestamp":"2025-07-12 01:46:08","type":"expense","userId":2}
{"categoryId":6,"color":"#e83e8c","level":"info","message":"新分類建立成功","name":"購物","service":"bookwise-api","timestamp":"2025-07-12 01:46:08","type":"expense","userId":2}
{"categoryId":7,"color":"#20c997","level":"info","message":"新分類建立成功","name":"娛樂","service":"bookwise-api","timestamp":"2025-07-12 01:46:08","type":"expense","userId":2}
{"categoryId":8,"color":"#dc3545","level":"info","message":"新分類建立成功","name":"醫療","service":"bookwise-api","timestamp":"2025-07-12 01:46:08","type":"expense","userId":2}
{"categoryId":9,"color":"#6c757d","level":"info","message":"新分類建立成功","name":"居住","service":"bookwise-api","timestamp":"2025-07-12 01:46:08","type":"expense","userId":2}
{"categoryId":10,"color":"#343a40","level":"info","message":"新分類建立成功","name":"其他支出","service":"bookwise-api","timestamp":"2025-07-12 01:46:08","type":"expense","userId":2}
{"createdCount":10,"level":"info","message":"預設分類建立完成","service":"bookwise-api","timestamp":"2025-07-12 01:46:08","userId":2}
{"level":"info","message":"為新使用者建立預設分類成功","service":"bookwise-api","timestamp":"2025-07-12 01:46:08","userId":2}
{"email":"test2@example.com","ip":"::1","level":"info","message":"新使用者註冊成功","service":"bookwise-api","timestamp":"2025-07-12 01:46:08","userAgent":"Mozilla/5.0 (Windows NT; Windows NT 10.0; zh-TW) WindowsPowerShell/5.1.26100.4652","userId":2,"username":"testuser2"}
{"errors":[{"field":"transaction_date","message":"交易日期不能超過一年前","value":"2024-01-08"}],"ip":"::1","level":"warn","message":"請求資料驗證失敗","method":"POST","path":"/","service":"bookwise-api","timestamp":"2025-07-12 01:46:37","userAgent":"Mozilla/5.0 (Windows NT; Windows NT 10.0; zh-TW) WindowsPowerShell/5.1.26100.4652"}
{"errors":[{"field":"transaction_date","message":"交易日期不能是未來的日期","value":"2025-07-12"}],"ip":"::1","level":"warn","message":"請求資料驗證失敗","method":"POST","path":"/","service":"bookwise-api","timestamp":"2025-07-12 01:47:52","userAgent":"Mozilla/5.0 (Windows NT; Windows NT 10.0; zh-TW) WindowsPowerShell/5.1.26100.4652"}
{"amount":45000,"categoryId":1,"expenseId":1,"level":"info","message":"新記帳記錄建立成功","service":"bookwise-api","timestamp":"2025-07-12 01:49:17","transaction_date":"2025-06-05","userId":2}
{"amount":45000,"categoryId":1,"expenseId":1,"ip":"::1","level":"info","message":"使用者建立新記帳記錄","service":"bookwise-api","timestamp":"2025-07-12 01:49:17","transaction_date":"2025-06-05","userId":2}
{"amount":120,"categoryId":4,"expenseId":2,"level":"info","message":"新記帳記錄建立成功","service":"bookwise-api","timestamp":"2025-07-12 01:50:11","transaction_date":"2025-06-08","userId":2}
{"amount":120,"categoryId":4,"expenseId":2,"ip":"::1","level":"info","message":"使用者建立新記帳記錄","service":"bookwise-api","timestamp":"2025-07-12 01:50:11","transaction_date":"2025-06-08","userId":2}
{"categoryId":11,"color":"#dc3545","level":"info","message":"新分類建立成功","name":"???","service":"bookwise-api","timestamp":"2025-07-12 01:50:20","type":"expense","userId":2}
{"amount":300,"categoryId":11,"expenseId":3,"level":"info","message":"新記帳記錄建立成功","service":"bookwise-api","timestamp":"2025-07-12 01:50:20","transaction_date":"2025-07-11","userId":2}
{"amount":300,"categoryId":11,"categoryName":"???","expenseId":3,"ip":"::1","level":"info","message":"使用者快速記帳","service":"bookwise-api","timestamp":"2025-07-12 01:50:20","userId":2}
{"level":"info","message":"✅ 資料庫連線成功","service":"bookwise-api","timestamp":"2025-07-12 02:05:54"}
{"environment":"development","level":"info","message":"伺服器啟動成功","port":"5000","service":"bookwise-api","timestamp":"2025-07-12 02:05:54"}
{"level":"info","message":"✅ 資料庫連線成功","service":"bookwise-api","timestamp":"2025-07-12 16:52:14"}
{"environment":"development","level":"info","message":"伺服器啟動成功","port":"5000","service":"bookwise-api","timestamp":"2025-07-12 16:52:14"}
{"categoryName":"???","level":"warn","message":"無法判斷分類類型，預設為支出","reason":"無法從分類名稱判斷類型","service":"bookwise-api","timestamp":"2025-07-12 16:52:24","userId":2}
{"amount":150,"categoryId":11,"expenseId":4,"level":"info","message":"新記帳記錄建立成功","service":"bookwise-api","timestamp":"2025-07-12 16:52:24","transaction_date":"2025-07-12","userId":2}
{"amount":150,"categoryId":11,"categoryName":"???","expenseId":4,"finalType":"expense","ip":"::1","isAutoClassified":true,"level":"info","message":"使用者快速記帳","service":"bookwise-api","timestamp":"2025-07-12 16:52:24","userId":2}
{"level":"info","message":"✅ 資料庫連線成功","service":"bookwise-api","timestamp":"2025-07-12 17:14:32"}
{"environment":"development","level":"info","message":"伺服器啟動成功","port":"5000","service":"bookwise-api","timestamp":"2025-07-12 17:14:32"}
{"email":"k06181303@gmail.com","level":"info","message":"新使用者註冊成功","service":"bookwise-api","timestamp":"2025-07-12 17:22:19","userId":3,"username":"k06181303"}
{"categoryId":12,"color":"#28a745","level":"info","message":"新分類建立成功","name":"薪資","service":"bookwise-api","timestamp":"2025-07-12 17:22:19","type":"income","userId":3}
{"categoryId":13,"color":"#17a2b8","level":"info","message":"新分類建立成功","name":"投資收益","service":"bookwise-api","timestamp":"2025-07-12 17:22:19","type":"income","userId":3}
{"categoryId":14,"color":"#6c757d","level":"info","message":"新分類建立成功","name":"其他收入","service":"bookwise-api","timestamp":"2025-07-12 17:22:19","type":"income","userId":3}
{"categoryId":15,"color":"#fd7e14","level":"info","message":"新分類建立成功","name":"餐飲","service":"bookwise-api","timestamp":"2025-07-12 17:22:19","type":"expense","userId":3}
{"categoryId":16,"color":"#6f42c1","level":"info","message":"新分類建立成功","name":"交通","service":"bookwise-api","timestamp":"2025-07-12 17:22:19","type":"expense","userId":3}
{"categoryId":17,"color":"#e83e8c","level":"info","message":"新分類建立成功","name":"購物","service":"bookwise-api","timestamp":"2025-07-12 17:22:19","type":"expense","userId":3}
{"categoryId":18,"color":"#20c997","level":"info","message":"新分類建立成功","name":"娛樂","service":"bookwise-api","timestamp":"2025-07-12 17:22:19","type":"expense","userId":3}
{"categoryId":19,"color":"#dc3545","level":"info","message":"新分類建立成功","name":"醫療","service":"bookwise-api","timestamp":"2025-07-12 17:22:19","type":"expense","userId":3}
{"categoryId":20,"color":"#6c757d","level":"info","message":"新分類建立成功","name":"居住","service":"bookwise-api","timestamp":"2025-07-12 17:22:19","type":"expense","userId":3}
{"categoryId":21,"color":"#343a40","level":"info","message":"新分類建立成功","name":"其他支出","service":"bookwise-api","timestamp":"2025-07-12 17:22:19","type":"expense","userId":3}
{"createdCount":10,"level":"info","message":"預設分類建立完成","service":"bookwise-api","timestamp":"2025-07-12 17:22:19","userId":3}
{"level":"info","message":"為新使用者建立預設分類成功","service":"bookwise-api","timestamp":"2025-07-12 17:22:19","userId":3}
{"email":"k06181303@gmail.com","ip":"::1","level":"info","message":"新使用者註冊成功","service":"bookwise-api","timestamp":"2025-07-12 17:22:19","userAgent":"Mozilla/5.0 (Windows NT 10.0; Win64; x64) AppleWebKit/537.36 (KHTML, like Gecko) Chrome/138.0.0.0 Safari/537.36","userId":3,"username":"k06181303"}
{"level":"info","loginField":"k06181303","message":"登入失敗 - 密碼錯誤","service":"bookwise-api","timestamp":"2025-07-12 17:24:55","userId":3}
{"ip":"::1","level":"warn","loginField":"k06181303","message":"登入失敗 - 憑證無效","service":"bookwise-api","timestamp":"2025-07-12 17:24:55","userAgent":"Mozilla/5.0 (Windows NT 10.0; Win64; x64) AppleWebKit/537.36 (KHTML, like Gecko) Chrome/138.0.0.0 Safari/537.36"}
{"level":"info","loginField":"k06181303@gmail.com","message":"登入失敗 - 密碼錯誤","service":"bookwise-api","timestamp":"2025-07-12 17:25:12","userId":3}
{"ip":"::1","level":"warn","loginField":"k06181303@gmail.com","message":"登入失敗 - 憑證無效","service":"bookwise-api","timestamp":"2025-07-12 17:25:12","userAgent":"Mozilla/5.0 (Windows NT 10.0; Win64; x64) AppleWebKit/537.36 (KHTML, like Gecko) Chrome/138.0.0.0 Safari/537.36"}
{"error":"使用者名稱已存在","level":"error","message":"使用者建立失敗:","service":"bookwise-api","timestamp":"2025-07-12 17:26:29","userData":{"email":"k06181303@gmail.com","username":"k06181303"}}
{"error":"使用者名稱已存在","ip":"::1","level":"warn","message":"註冊失敗 - 重複資料","requestData":{"email":"k06181303@gmail.com","username":"k06181303"},"service":"bookwise-api","timestamp":"2025-07-12 17:26:29"}
{"error":"信箱已被註冊","level":"error","message":"使用者建立失敗:","service":"bookwise-api","timestamp":"2025-07-12 17:26:34","userData":{"email":"k06181303@gmail.com","username":"k061813030"}}
{"error":"信箱已被註冊","ip":"::1","level":"warn","message":"註冊失敗 - 重複資料","requestData":{"email":"k06181303@gmail.com","username":"k061813030"},"service":"bookwise-api","timestamp":"2025-07-12 17:26:34"}
{"email":"k0618130@gmail.com","level":"info","message":"新使用者註冊成功","service":"bookwise-api","timestamp":"2025-07-12 17:26:41","userId":4,"username":"k061813030"}
{"categoryId":22,"color":"#28a745","level":"info","message":"新分類建立成功","name":"薪資","service":"bookwise-api","timestamp":"2025-07-12 17:26:41","type":"income","userId":4}
{"categoryId":23,"color":"#17a2b8","level":"info","message":"新分類建立成功","name":"投資收益","service":"bookwise-api","timestamp":"2025-07-12 17:26:41","type":"income","userId":4}
{"categoryId":24,"color":"#6c757d","level":"info","message":"新分類建立成功","name":"其他收入","service":"bookwise-api","timestamp":"2025-07-12 17:26:41","type":"income","userId":4}
{"categoryId":25,"color":"#fd7e14","level":"info","message":"新分類建立成功","name":"餐飲","service":"bookwise-api","timestamp":"2025-07-12 17:26:41","type":"expense","userId":4}
{"categoryId":26,"color":"#6f42c1","level":"info","message":"新分類建立成功","name":"交通","service":"bookwise-api","timestamp":"2025-07-12 17:26:41","type":"expense","userId":4}
{"categoryId":27,"color":"#e83e8c","level":"info","message":"新分類建立成功","name":"購物","service":"bookwise-api","timestamp":"2025-07-12 17:26:41","type":"expense","userId":4}
{"categoryId":28,"color":"#20c997","level":"info","message":"新分類建立成功","name":"娛樂","service":"bookwise-api","timestamp":"2025-07-12 17:26:41","type":"expense","userId":4}
{"categoryId":29,"color":"#dc3545","level":"info","message":"新分類建立成功","name":"醫療","service":"bookwise-api","timestamp":"2025-07-12 17:26:41","type":"expense","userId":4}
{"categoryId":30,"color":"#6c757d","level":"info","message":"新分類建立成功","name":"居住","service":"bookwise-api","timestamp":"2025-07-12 17:26:41","type":"expense","userId":4}
{"categoryId":31,"color":"#343a40","level":"info","message":"新分類建立成功","name":"其他支出","service":"bookwise-api","timestamp":"2025-07-12 17:26:41","type":"expense","userId":4}
{"createdCount":10,"level":"info","message":"預設分類建立完成","service":"bookwise-api","timestamp":"2025-07-12 17:26:41","userId":4}
{"level":"info","message":"為新使用者建立預設分類成功","service":"bookwise-api","timestamp":"2025-07-12 17:26:41","userId":4}
{"email":"k0618130@gmail.com","ip":"::1","level":"info","message":"新使用者註冊成功","service":"bookwise-api","timestamp":"2025-07-12 17:26:41","userAgent":"Mozilla/5.0 (Windows NT 10.0; Win64; x64) AppleWebKit/537.36 (KHTML, like Gecko) Chrome/138.0.0.0 Safari/537.36","userId":4,"username":"k061813030"}
{"level":"info","message":"使用者登入成功","service":"bookwise-api","timestamp":"2025-07-12 17:26:56","userId":4,"username":"k061813030"}
{"ip":"::1","level":"info","message":"使用者登入成功","service":"bookwise-api","timestamp":"2025-07-12 17:26:56","userAgent":"Mozilla/5.0 (Windows NT 10.0; Win64; x64) AppleWebKit/537.36 (KHTML, like Gecko) Chrome/138.0.0.0 Safari/537.36","userId":4,"username":"k061813030"}
{"level":"info","message":"✅ 資料庫連線成功","service":"bookwise-api","timestamp":"2025-07-12 17:45:01"}
{"environment":"development","level":"info","message":"伺服器啟動成功","port":"5000","service":"bookwise-api","timestamp":"2025-07-12 17:45:01"}
{"errors":[{"field":"transaction_date","message":"交易日期必須是有效的日期格式 (YYYY-MM-DD)"}],"ip":"::1","level":"warn","message":"請求資料驗證失敗","method":"POST","path":"/","service":"bookwise-api","timestamp":"2025-07-12 17:46:06","userAgent":"Mozilla/5.0 (Windows NT 10.0; Win64; x64) AppleWebKit/537.36 (KHTML, like Gecko) Chrome/138.0.0.0 Safari/537.36"}
{"amount":600,"categoryId":27,"expenseId":5,"level":"info","message":"新記帳記錄建立成功","service":"bookwise-api","timestamp":"2025-07-12 20:16:51","transaction_date":"2025-07-12","userId":4}
{"amount":600,"categoryId":27,"expenseId":5,"ip":"::1","level":"info","message":"使用者建立新記帳記錄","service":"bookwise-api","timestamp":"2025-07-12 20:16:51","transaction_date":"2025-07-12","userId":4}
{"amount":325,"categoryId":26,"expenseId":6,"level":"info","message":"新記帳記錄建立成功","service":"bookwise-api","timestamp":"2025-07-12 20:19:20","transaction_date":"2025-07-12","userId":4}
{"amount":325,"categoryId":26,"expenseId":6,"ip":"::1","level":"info","message":"使用者建立新記帳記錄","service":"bookwise-api","timestamp":"2025-07-12 20:19:20","transaction_date":"2025-07-12","userId":4}
{"level":"info","message":"✅ 資料庫連線成功","service":"bookwise-api","timestamp":"2025-07-12 20:31:56"}
{"environment":"development","level":"info","message":"伺服器啟動成功","port":"5000","service":"bookwise-api","timestamp":"2025-07-12 20:31:56"}
{"level":"info","message":"✅ 資料庫連線成功","service":"bookwise-api","timestamp":"2025-07-12 20:32:10"}
{"environment":"development","level":"info","message":"伺服器啟動成功","port":"5000","service":"bookwise-api","timestamp":"2025-07-12 20:32:10"}
{"level":"info","message":"✅ 資料庫連線成功","service":"bookwise-api","timestamp":"2025-07-12 20:39:25"}
{"environment":"development","level":"info","message":"伺服器啟動成功","port":"5000","service":"bookwise-api","timestamp":"2025-07-12 20:39:25"}
{"level":"info","message":"✅ 資料庫連線成功","service":"bookwise-api","timestamp":"2025-07-12 20:58:57"}
{"environment":"development","level":"info","message":"伺服器啟動成功","port":"5000","service":"bookwise-api","timestamp":"2025-07-12 20:58:57"}
{"level":"info","message":"✅ 資料庫連線成功","service":"bookwise-api","timestamp":"2025-07-12 21:04:24"}
{"environment":"development","level":"info","message":"伺服器啟動成功","port":"5000","service":"bookwise-api","timestamp":"2025-07-12 21:04:24"}
{"amount":55000,"categoryId":22,"expenseId":7,"level":"info","message":"新記帳記錄建立成功","service":"bookwise-api","timestamp":"2025-07-12 21:11:20","transaction_date":"2025-07-05","userId":4}
{"amount":55000,"categoryId":22,"expenseId":7,"ip":"::1","level":"info","message":"使用者建立新記帳記錄","service":"bookwise-api","timestamp":"2025-07-12 21:11:20","transaction_date":"2025-07-05","userId":4}
{"categoryId":32,"color":"#2196F3","level":"info","message":"新分類建立成功","name":"信用卡","service":"bookwise-api","timestamp":"2025-07-12 21:20:06","type":"expense","userId":4}
{"categoryId":32,"ip":"::1","level":"info","message":"使用者建立新分類","name":"信用卡","service":"bookwise-api","timestamp":"2025-07-12 21:20:06","type":"expense","userId":4}
{"amount":10000,"categoryId":32,"expenseId":8,"level":"info","message":"新記帳記錄建立成功","service":"bookwise-api","timestamp":"2025-07-12 21:20:29","transaction_date":"2025-07-08","userId":4}
{"amount":10000,"categoryId":32,"expenseId":8,"ip":"::1","level":"info","message":"使用者建立新記帳記錄","service":"bookwise-api","timestamp":"2025-07-12 21:20:29","transaction_date":"2025-07-08","userId":4}
